Watching for file changes with StatReloader
"GET / HTTP/1.1" 200 8134
"GET / HTTP/1.1" 200 8134
"GET / HTTP/1.1" 200 8134
Not Found: /favicon.ico
"GET /favicon.ico HTTP/1.1" 404 5149
Not Found: /favicon.ico
"GET /favicon.ico HTTP/1.1" 404 5149
"GET /login/ HTTP/1.1" 200 3213
"POST /login/ HTTP/1.1" 200 2593
"GET /capture/ HTTP/1.1" 200 26
"GET /login/ HTTP/1.1" 200 3213
Watching for file changes with StatReloader
"GET / HTTP/1.1" 200 8134
"GET /login/ HTTP/1.1" 200 3213
"POST /login/ HTTP/1.1" 200 2593
"GET /capture/ HTTP/1.1" 200 21
"GET / HTTP/1.1" 200 8385
C:\Users\ELCOT\AppData\Local\Temp\tmpw_qm3jb_.py changed, reloading.
Watching for file changes with StatReloader
"GET /3/ HTTP/1.1" 200 7646
"GET /3/data/ HTTP/1.1" 200 2048
"POST /3/save/ HTTP/1.1" 302 0
"GET /results/ HTTP/1.1" 200 2420
"GET /logout/ HTTP/1.1" 302 0
"GET / HTTP/1.1" 200 8134
"GET /admin/ HTTP/1.1" 302 0
"GET /admin/login/?next=/admin/ HTTP/1.1" 200 1819
"POST /admin/login/?next=/admin/ HTTP/1.1" 302 0
"GET /admin/ HTTP/1.1" 200 7998
"GET /admin/home/marks_of_user/ HTTP/1.1" 200 4407
"GET /admin/jsi18n/ HTTP/1.1" 200 3223
"GET /admin/home/marks_of_user/73/change/ HTTP/1.1" 200 6769
"GET /admin/jsi18n/ HTTP/1.1" 200 3223
"GET /admin/home/ HTTP/1.1" 200 4161
"GET /admin/ HTTP/1.1" 200 7998
"GET / HTTP/1.1" 200 9329
"GET /results/ HTTP/1.1" 200 3364
"GET /logout/ HTTP/1.1" 302 0
"GET / HTTP/1.1" 200 8134
Watching for file changes with StatReloader
"GET / HTTP/1.1" 200 8134
Not Found: /favicon.ico
"GET /favicon.ico HTTP/1.1" 404 5149
"GET /login/ HTTP/1.1" 200 3213
"GET /signup/ HTTP/1.1" 200 5086
"POST /signup/ HTTP/1.1" 302 0
"GET /image_upload HTTP/1.1" 301 0
"GET /image_upload/ HTTP/1.1" 200 2801
"POST /image_upload/ HTTP/1.1" 200 3213
"POST /login/ HTTP/1.1" 200 2593
Internal Server Error: /capture/
Traceback (most recent call last):
  File "C:\Users\ELCOT\AppData\Local\Programs\Python\Python37\lib\site-packages\django\core\handlers\exception.py", line 34, in inner
    response = get_response(request)
  File "C:\Users\ELCOT\AppData\Local\Programs\Python\Python37\lib\site-packages\django\core\handlers\base.py", line 115, in _get_response
    response = self.process_exception_by_middleware(e, request)
  File "C:\Users\ELCOT\AppData\Local\Programs\Python\Python37\lib\site-packages\django\core\handlers\base.py", line 113, in _get_response
    response = wrapped_callback(request, *callback_args, **callback_kwargs)
  File "C:\Users\ELCOT\AppData\Local\Programs\Python\Python37\lib\site-packages\django\views\decorators\csrf.py", line 54, in wrapped_view
    return view_func(*args, **kwargs)
  File "D:\copy 2\PythonProjects\FiyePr-master\Quiz2\home\views.py", line 53, in capture_image
    cropped_face = face_cropped(frame)
  File "D:\copy 2\PythonProjects\FiyePr-master\Quiz2\home\views.py", line 43, in face_cropped
    gray = cv2.cvtColor(img, cv2.COLOR_BGR2GRAY)
cv2.error: OpenCV(4.5.4-dev) D:\a\opencv-python\opencv-python\opencv\modules\imgproc\src\color.cpp:182: error: (-215:Assertion failed) !_src.empty() in function 'cv::cvtColor'

"GET /capture/ HTTP/1.1" 500 16267
"GET /capture/ HTTP/1.1" 200 39
"POST /login/ HTTP/1.1" 200 2593
"GET /capture/ HTTP/1.1" 200 26
"GET /login/ HTTP/1.1" 200 3213
"GET /signup/ HTTP/1.1" 200 5086
"POST /signup/ HTTP/1.1" 302 0
"GET /image_upload HTTP/1.1" 301 0
"GET /image_upload/ HTTP/1.1" 200 2801
"POST /image_upload/ HTTP/1.1" 200 3213
"POST /login/ HTTP/1.1" 200 2593
"GET /capture/ HTTP/1.1" 200 26
"GET /login/ HTTP/1.1" 200 3213
"POST /login/ HTTP/1.1" 200 2593
"GET /capture/ HTTP/1.1" 200 26
"GET /login/ HTTP/1.1" 200 3213
"GET /login/ HTTP/1.1" 200 3213
"GET /login/ HTTP/1.1" 200 3213
"GET /signup/ HTTP/1.1" 200 5086
"GET / HTTP/1.1" 200 8134
Watching for file changes with StatReloader
"GET /admin/ HTTP/1.1" 302 0
"GET /admin/login/?next=/admin/ HTTP/1.1" 200 1819
"POST /admin/login/?next=/admin/ HTTP/1.1" 302 0
"GET /admin/ HTTP/1.1" 200 5445
"GET /admin/home/marks_of_user/ HTTP/1.1" 200 4404
"GET /admin/jsi18n/ HTTP/1.1" 200 3223
"GET /admin/home/marks_of_user/73/change/ HTTP/1.1" 200 6876
"GET /admin/jsi18n/ HTTP/1.1" 200 3223
"POST /admin/home/marks_of_user/73/change/ HTTP/1.1" 302 0
"GET /admin/home/marks_of_user/ HTTP/1.1" 200 4599
"GET /admin/jsi18n/ HTTP/1.1" 200 3223
"GET /admin/home/ HTTP/1.1" 200 4158
"GET /admin/ HTTP/1.1" 200 5778
"GET /admin/auth/user/ HTTP/1.1" 200 10483
"GET /admin/jsi18n/ HTTP/1.1" 200 3223
"POST /admin/auth/user/ HTTP/1.1" 200 3465
"POST /admin/auth/user/ HTTP/1.1" 302 0
"GET /admin/auth/user/ HTTP/1.1" 200 9748
"GET /admin/jsi18n/ HTTP/1.1" 200 3223
"GET /admin/ HTTP/1.1" 200 6255
Watching for file changes with StatReloader
"GET /admin/logout/ HTTP/1.1" 200 1207
"GET /admin/ HTTP/1.1" 302 0
"GET /admin/login/?next=/admin/ HTTP/1.1" 200 1819
"GET /admin/logout/ HTTP/1.1" 302 0
"GET /admin/ HTTP/1.1" 302 0
"GET /admin/login/?next=/admin/ HTTP/1.1" 200 1819
"GET /admin/ HTTP/1.1" 302 0
"GET /admin/login/?next=/admin/ HTTP/1.1" 200 1819
"GET / HTTP/1.1" 200 8134
"GET /login/ HTTP/1.1" 200 3213
"GET /signup/ HTTP/1.1" 200 5086
"POST /signup/ HTTP/1.1" 302 0
"GET /image_upload HTTP/1.1" 301 0
"GET /image_upload/ HTTP/1.1" 200 2801
"POST /image_upload/ HTTP/1.1" 200 3213
"POST /login/ HTTP/1.1" 200 2593
"GET /capture/ HTTP/1.1" 200 26
"GET /login/ HTTP/1.1" 200 3213
"POST /login/ HTTP/1.1" 200 2593
"GET /capture/ HTTP/1.1" 200 26
"GET /login/ HTTP/1.1" 200 3213
Watching for file changes with StatReloader
"POST /login/ HTTP/1.1" 200 2593
"GET /capture/ HTTP/1.1" 200 21
"GET / HTTP/1.1" 200 8383
C:\Users\ELCOT\AppData\Local\Temp\tmp8h26646h.py changed, reloading.
Watching for file changes with StatReloader
"GET /2/ HTTP/1.1" 200 7626
"GET /2/data/ HTTP/1.1" 200 1346
"POST /2/save/ HTTP/1.1" 302 0
"GET /results/ HTTP/1.1" 200 2418
"POST /2/save/ HTTP/1.1" 302 0
"GET /results/ HTTP/1.1" 200 2418
"POST /2/save/ HTTP/1.1" 302 0
"GET /results/ HTTP/1.1" 200 2418
"POST /2/save/ HTTP/1.1" 302 0
"GET /results/ HTTP/1.1" 200 2418
"POST /2/save/ HTTP/1.1" 302 0
"GET /results/ HTTP/1.1" 200 2418
"POST /2/save/ HTTP/1.1" 302 0
"GET /results/ HTTP/1.1" 200 2418
"POST /2/save/ HTTP/1.1" 302 0
"GET /results/ HTTP/1.1" 200 2418
"POST /2/save/ HTTP/1.1" 302 0
"GET /results/ HTTP/1.1" 200 2418
"POST /2/save/ HTTP/1.1" 302 0
"GET /results/ HTTP/1.1" 200 2418
"POST /2/save/ HTTP/1.1" 302 0
"GET /results/ HTTP/1.1" 200 2418
"POST /2/save/ HTTP/1.1" 302 0
"GET /results/ HTTP/1.1" 200 2418
"POST /2/save/ HTTP/1.1" 302 0
"GET /results/ HTTP/1.1" 200 2418
"POST /2/save/ HTTP/1.1" 302 0
"GET /results/ HTTP/1.1" 200 2418
"POST /2/save/ HTTP/1.1" 302 0
"GET /results/ HTTP/1.1" 200 2418
"POST /2/save/ HTTP/1.1" 302 0
"GET /results/ HTTP/1.1" 200 2418
"POST /2/save/ HTTP/1.1" 302 0
"GET /results/ HTTP/1.1" 200 2418
"GET /2/ HTTP/1.1" 200 7626
"GET /2/data/ HTTP/1.1" 200 1346
"POST /2/save/ HTTP/1.1" 302 0
"GET /results/ HTTP/1.1" 200 2418
"POST /2/save/ HTTP/1.1" 302 0
"GET /results/ HTTP/1.1" 200 2418
"POST /2/save/ HTTP/1.1" 302 0
"GET /results/ HTTP/1.1" 200 2418
"POST /2/save/ HTTP/1.1" 302 0
"GET /results/ HTTP/1.1" 200 2418
"POST /2/save/ HTTP/1.1" 302 0
"GET /results/ HTTP/1.1" 200 2418
"POST /2/save/ HTTP/1.1" 302 0
"GET /results/ HTTP/1.1" 200 2418
"POST /2/save/ HTTP/1.1" 302 0
"GET /results/ HTTP/1.1" 200 2418
"POST /2/save/ HTTP/1.1" 302 0
"GET /results/ HTTP/1.1" 200 2418
"POST /2/save/ HTTP/1.1" 302 0
"GET /results/ HTTP/1.1" 200 2418
"POST /2/save/ HTTP/1.1" 302 0
"GET /results/ HTTP/1.1" 200 2418
"POST /2/save/ HTTP/1.1" 302 0
"GET /results/ HTTP/1.1" 200 2418
"POST /2/save/ HTTP/1.1" 302 0
"GET /results/ HTTP/1.1" 200 2418
"POST /2/save/ HTTP/1.1" 302 0
"GET /results/ HTTP/1.1" 200 2418
"POST /2/save/ HTTP/1.1" 302 0
"GET /results/ HTTP/1.1" 200 2418
Not Found: /adminn
"GET /adminn HTTP/1.1" 404 5134
"GET /admin HTTP/1.1" 301 0
"GET /admin/ HTTP/1.1" 302 0
"GET /admin/login/?next=/admin/ HTTP/1.1" 200 1819
"GET /static/admin/css/login.css HTTP/1.1" 200 1233
"GET /static/admin/css/base.css HTTP/1.1" 200 16378
"GET /static/admin/css/responsive.css HTTP/1.1" 200 17944
"GET /static/admin/css/fonts.css HTTP/1.1" 200 423
"GET /static/admin/fonts/Roboto-Light-webfont.woff HTTP/1.1" 200 85692
"GET /static/admin/fonts/Roboto-Regular-webfont.woff HTTP/1.1" 200 85876
"POST /admin/login/?next=/admin/ HTTP/1.1" 302 0
"GET /admin/ HTTP/1.1" 200 6255
"GET /static/admin/css/dashboard.css HTTP/1.1" 200 412
"GET /static/admin/fonts/Roboto-Bold-webfont.woff HTTP/1.1" 200 86184
"GET /static/admin/img/icon-changelink.svg HTTP/1.1" 200 380
"GET /static/admin/img/icon-addlink.svg HTTP/1.1" 200 331
"GET /static/admin/img/icon-deletelink.svg HTTP/1.1" 200 392
"GET /admin/home/marks_of_user/ HTTP/1.1" 200 4404
"GET /admin/jsi18n/ HTTP/1.1" 200 3223
"GET /static/admin/css/changelists.css HTTP/1.1" 200 6170
"GET /static/admin/js/actions.js HTTP/1.1" 200 6538
"GET /static/admin/js/urlify.js HTTP/1.1" 200 8972
"GET /static/admin/js/core.js HTTP/1.1" 200 7135
"GET /static/admin/js/admin/RelatedObjectLookups.js HTTP/1.1" 200 6918
"GET /static/admin/js/jquery.init.js HTTP/1.1" 200 363
"GET /static/admin/js/prepopulate.js HTTP/1.1" 200 1530
"GET /static/admin/js/vendor/jquery/jquery.js HTTP/1.1" 200 271751
"GET /static/admin/js/vendor/xregexp/xregexp.js HTTP/1.1" 200 128820
"GET /static/admin/img/tooltag-add.svg HTTP/1.1" 200 331
"GET /3/ HTTP/1.1" 200 7646
"GET /3/data/ HTTP/1.1" 200 2048
"POST /3/save/ HTTP/1.1" 302 0
"GET /results/ HTTP/1.1" 200 2418
"POST /3/save/ HTTP/1.1" 302 0
"GET /results/ HTTP/1.1" 200 2418
"POST /3/save/ HTTP/1.1" 302 0
"GET /results/ HTTP/1.1" 200 2418
"POST /3/save/ HTTP/1.1" 302 0
"GET /results/ HTTP/1.1" 200 2418
"GET /admin/home/marks_of_user/ HTTP/1.1" 200 4404
"GET /admin/jsi18n/ HTTP/1.1" 200 3223
"POST /3/save/ HTTP/1.1" 302 0
"GET /results/ HTTP/1.1" 200 2418
"POST /3/save/ HTTP/1.1" 302 0
"GET /results/ HTTP/1.1" 200 2418
"POST /3/save/ HTTP/1.1" 302 0
"GET /results/ HTTP/1.1" 200 2418
"POST /3/save/ HTTP/1.1" 302 0
"GET /results/ HTTP/1.1" 200 2418
"POST /3/save/ HTTP/1.1" 302 0
"GET /results/ HTTP/1.1" 200 2418
"POST /3/save/ HTTP/1.1" 302 0
"GET /results/ HTTP/1.1" 200 2418
"POST /3/save/ HTTP/1.1" 302 0
"GET /results/ HTTP/1.1" 200 2418
"POST /3/save/ HTTP/1.1" 302 0
"GET /results/ HTTP/1.1" 200 2418
"POST /3/save/ HTTP/1.1" 302 0
"GET /results/ HTTP/1.1" 200 2418
"POST /3/save/ HTTP/1.1" 302 0
"GET /results/ HTTP/1.1" 200 2418
"POST /3/save/ HTTP/1.1" 302 0
"GET /results/ HTTP/1.1" 200 2418
Watching for file changes with StatReloader
"GET / HTTP/1.1" 200 8134
Not Found: /favicon.ico
"GET /favicon.ico HTTP/1.1" 404 5149
"GET /login HTTP/1.1" 301 0
"GET /login/ HTTP/1.1" 200 3213
"POST /login/ HTTP/1.1" 200 2593
"GET /capture/ HTTP/1.1" 200 21
"GET / HTTP/1.1" 200 8383
"GET /3 HTTP/1.1" 301 0
"GET /3/ HTTP/1.1" 200 7646
"GET /static/images/techvidvan.png HTTP/1.1" 200 17593
"GET /3/data HTTP/1.1" 301 0
"GET /3/data/ HTTP/1.1" 200 2048
"POST /3/save/ HTTP/1.1" 302 0
"GET /results/ HTTP/1.1" 200 2418
"POST /3/save/ HTTP/1.1" 302 0
"GET /results/ HTTP/1.1" 200 2418
"POST /3/save/ HTTP/1.1" 302 0
"GET /results/ HTTP/1.1" 200 2418
"POST /3/save/ HTTP/1.1" 302 0
"GET /results/ HTTP/1.1" 200 2418
"GET /3/ HTTP/1.1" 200 7652
"GET /3/data/ HTTP/1.1" 200 2048
"POST /3/save/ HTTP/1.1" 302 0
"GET /results/ HTTP/1.1" 200 2418
"POST /3/save/ HTTP/1.1" 302 0
"GET /results/ HTTP/1.1" 200 2418
"POST /3/save/ HTTP/1.1" 302 0
"GET /results/ HTTP/1.1" 200 2418
"POST /3/save/ HTTP/1.1" 302 0
"GET /results/ HTTP/1.1" 200 2418
"POST /3/save/ HTTP/1.1" 302 0
"GET /results/ HTTP/1.1" 200 2418
"POST /3/save/ HTTP/1.1" 302 0
"GET /results/ HTTP/1.1" 200 2418
"POST /3/save/ HTTP/1.1" 302 0
"GET /results/ HTTP/1.1" 200 2418
"POST /3/save/ HTTP/1.1" 302 0
"GET /results/ HTTP/1.1" 200 2418
"POST /3/save/ HTTP/1.1" 302 0
"GET /results/ HTTP/1.1" 200 2418
"POST /3/save/ HTTP/1.1" 302 0
"GET /results/ HTTP/1.1" 200 2418
"POST /3/save/ HTTP/1.1" 302 0
"GET /results/ HTTP/1.1" 200 2418
"GET /3/ HTTP/1.1" 200 7642
"GET /3/data/ HTTP/1.1" 200 2048
"POST /3/save/ HTTP/1.1" 302 0
"GET /results/ HTTP/1.1" 200 2418
"GET /3/ HTTP/1.1" 200 7627
"GET /3/data/ HTTP/1.1" 200 2048
"POST /3/save/ HTTP/1.1" 302 0
"GET /results/ HTTP/1.1" 200 2418
D:\copy 2\PythonProjects\FiyePr-master\Quiz2\home\views.py changed, reloading.
Watching for file changes with StatReloader
"GET /3/ HTTP/1.1" 200 7652
"GET /3/data/ HTTP/1.1" 200 2048
"POST /3/save/ HTTP/1.1" 302 0
"GET /results/ HTTP/1.1" 200 2418
"POST /3/save/ HTTP/1.1" 302 0
"GET /results/ HTTP/1.1" 200 2418
"POST /3/save/ HTTP/1.1" 302 0
"GET /results/ HTTP/1.1" 200 2418
"POST /3/save/ HTTP/1.1" 302 0
"GET /results/ HTTP/1.1" 200 2418
"POST /3/save/ HTTP/1.1" 302 0
"GET /results/ HTTP/1.1" 200 2418
"POST /3/save/ HTTP/1.1" 302 0
"GET /results/ HTTP/1.1" 200 2418
"GET /3/ HTTP/1.1" 200 8764
"GET /3/data/ HTTP/1.1" 200 2048
"GET /3/ HTTP/1.1" 200 7652
"GET /3/data/ HTTP/1.1" 200 2048
"GET /3/ HTTP/1.1" 200 8048
"GET /3/data/ HTTP/1.1" 200 2048
"POST /3/save/ HTTP/1.1" 302 0
"GET /results/ HTTP/1.1" 200 2418
D:\copy 2\PythonProjects\FiyePr-master\Quiz2\home\views.py changed, reloading.
Watching for file changes with StatReloader
"GET /3/ HTTP/1.1" 200 8048
"GET /3/data/ HTTP/1.1" 200 2048
"POST /3/save/ HTTP/1.1" 200 10
"GET /3/ HTTP/1.1" 200 8088
"GET /3/data/ HTTP/1.1" 200 2048
"POST /3/save/ HTTP/1.1" 200 10
"GET /3/ HTTP/1.1" 200 8088
"GET /3/data/ HTTP/1.1" 200 2048
"POST /3/save/ HTTP/1.1" 200 10
"GET /3/ HTTP/1.1" 200 8088
"GET /3/data/ HTTP/1.1" 200 2048
"POST /3/save/ HTTP/1.1" 200 10
"GET /3/ HTTP/1.1" 200 8088
"GET /3/data/ HTTP/1.1" 200 2048
"POST /3/save/ HTTP/1.1" 200 10
Watching for file changes with StatReloader
"GET /3/ HTTP/1.1" 200 8088
"GET /3/data/ HTTP/1.1" 200 2048
"POST /3/save/ HTTP/1.1" 200 10
D:\copy 2\PythonProjects\FiyePr-master\Quiz2\home\views.py changed, reloading.
Watching for file changes with StatReloader
"GET /3/ HTTP/1.1" 200 8088
"GET /3/data/ HTTP/1.1" 200 2048
"POST /3/save/ HTTP/1.1" 200 962
"GET /3/ HTTP/1.1" 200 8072
"GET /3/data/ HTTP/1.1" 200 2048
"POST /3/save/ HTTP/1.1" 200 962
"GET /3/ HTTP/1.1" 200 8072
"GET /3/data/ HTTP/1.1" 200 2048
"POST /3/save/ HTTP/1.1" 200 1023
"GET /3/ HTTP/1.1" 200 8093
"GET /3/data/ HTTP/1.1" 200 2048
"POST /3/save/ HTTP/1.1" 200 1023
"POST /3/save/ HTTP/1.1" 200 1023
"POST /3/save/ HTTP/1.1" 200 1023
"GET /3/ HTTP/1.1" 200 8094
"GET /3/data/ HTTP/1.1" 200 2048
"POST /3/save/ HTTP/1.1" 200 1022
"GET /3/ HTTP/1.1" 200 8094
"GET /3/data/ HTTP/1.1" 200 2048
"POST /3/save/ HTTP/1.1" 200 1022
Watching for file changes with StatReloader
"GET /3/ HTTP/1.1" 200 8094
"GET /3/data/ HTTP/1.1" 200 2048
"GET /3/ HTTP/1.1" 200 8707
"GET /3/data/ HTTP/1.1" 200 2048
"POST /3/save/ HTTP/1.1" 200 1022
"GET /3/ HTTP/1.1" 200 8707
"GET /3/data/ HTTP/1.1" 200 2048
"POST /3/save/ HTTP/1.1" 200 1166
"POST /3/save/ HTTP/1.1" 200 1166
"POST /3/save/ HTTP/1.1" 200 1166
"GET /3/ HTTP/1.1" 200 8707
"GET /3/data/ HTTP/1.1" 200 2048
"POST /3/save/ HTTP/1.1" 200 1119
"GET /admin/ HTTP/1.1" 302 0
"GET /admin/login/?next=/admin/ HTTP/1.1" 200 1819
"GET /static/admin/css/login.css HTTP/1.1" 200 1233
"GET /static/admin/css/responsive.css HTTP/1.1" 200 17944
"GET /static/admin/css/base.css HTTP/1.1" 200 16378
"GET /static/admin/css/fonts.css HTTP/1.1" 200 423
"GET /static/admin/fonts/Roboto-Regular-webfont.woff HTTP/1.1" 200 85876
"GET /static/admin/fonts/Roboto-Light-webfont.woff HTTP/1.1" 200 85692
"POST /admin/login/?next=/admin/ HTTP/1.1" 302 0
"GET /admin/ HTTP/1.1" 200 6255
"GET /static/admin/css/dashboard.css HTTP/1.1" 200 412
"GET /static/admin/img/icon-changelink.svg HTTP/1.1" 200 380
"GET /static/admin/img/icon-addlink.svg HTTP/1.1" 200 331
"GET /static/admin/img/icon-deletelink.svg HTTP/1.1" 200 392
"GET /static/admin/fonts/Roboto-Bold-webfont.woff HTTP/1.1" 200 86184
"GET /admin/home/marks_of_user/ HTTP/1.1" 200 8854
"GET /admin/jsi18n/ HTTP/1.1" 200 3223
"GET /static/admin/css/changelists.css HTTP/1.1" 200 6170
"GET /static/admin/js/jquery.init.js HTTP/1.1" 200 363
"GET /static/admin/js/actions.js HTTP/1.1" 200 6538
"GET /static/admin/js/urlify.js HTTP/1.1" 200 8972
"GET /static/admin/js/prepopulate.js HTTP/1.1" 200 1530
"GET /static/admin/js/admin/RelatedObjectLookups.js HTTP/1.1" 200 6918
"GET /static/admin/js/core.js HTTP/1.1" 200 7135
"GET /static/admin/js/vendor/xregexp/xregexp.js HTTP/1.1" 200 128820
"GET /static/admin/js/vendor/jquery/jquery.js HTTP/1.1" 200 271751
"GET /static/admin/img/tooltag-add.svg HTTP/1.1" 200 331
"GET /admin/home/marks_of_user/94/change/ HTTP/1.1" 200 6849
"GET /admin/jsi18n/ HTTP/1.1" 200 3223
"GET /static/admin/js/change_form.js HTTP/1.1" 200 712
"GET /static/admin/js/prepopulate_init.js HTTP/1.1" 200 495
"GET /static/admin/css/forms.css HTTP/1.1" 200 8518
"GET /static/admin/css/widgets.css HTTP/1.1" 200 10340
"GET /admin/home/marks_of_user/ HTTP/1.1" 200 8854
"GET /admin/jsi18n/ HTTP/1.1" 200 3223
"GET /admin/home/marks_of_user/94/change/ HTTP/1.1" 200 6849
"GET /admin/jsi18n/ HTTP/1.1" 200 3223
"POST /admin/home/marks_of_user/94/change/ HTTP/1.1" 302 0
"GET /admin/home/marks_of_user/ HTTP/1.1" 200 9059
"GET /admin/jsi18n/ HTTP/1.1" 200 3223
"GET /static/admin/img/icon-yes.svg HTTP/1.1" 200 436
"GET /3/ HTTP/1.1" 200 8707
"GET /3/data/ HTTP/1.1" 200 2048
"GET /4 HTTP/1.1" 301 0
"GET /4/ HTTP/1.1" 200 8687
"GET /4/data HTTP/1.1" 301 0
"GET /4/data/ HTTP/1.1" 200 417
"POST /4/save/ HTTP/1.1" 200 220
"GET /4/ HTTP/1.1" 200 8687
"GET /4/data/ HTTP/1.1" 200 417
"POST /4/save/ HTTP/1.1" 200 220
"GET /7 HTTP/1.1" 301 0
"GET /7/ HTTP/1.1" 200 8693
"GET /7/data HTTP/1.1" 301 0
"GET /7/data/ HTTP/1.1" 200 1662
"POST /7/save/ HTTP/1.1" 200 1149
"GET /7/ HTTP/1.1" 200 8693
"GET /7/data/ HTTP/1.1" 200 1662
"POST /7/save/ HTTP/1.1" 200 1018
"GET /admin/home/marks_of_user/ HTTP/1.1" 200 9756
"GET /admin/jsi18n/ HTTP/1.1" 200 3223
"GET /admin/home/ HTTP/1.1" 200 4158
"GET /admin/home/quiz/ HTTP/1.1" 200 4951
"GET /admin/jsi18n/ HTTP/1.1" 200 3223
"GET /admin/home/quiz/4/change/ HTTP/1.1" 200 5987
"GET /admin/jsi18n/ HTTP/1.1" 200 3223
"POST /admin/home/quiz/4/change/ HTTP/1.1" 302 0
"GET /admin/home/quiz/ HTTP/1.1" 200 5126
"GET /admin/jsi18n/ HTTP/1.1" 200 3223
"GET /4/ HTTP/1.1" 200 8689
"GET /4/data/ HTTP/1.1" 200 418
"POST /4/save/ HTTP/1.1" 200 351
